2019-03-12 16:11:36,989 +0200 [main] DEBUG (LoginPages.java:13) - logging in
2019-03-12 16:11:36,993 +0200 [main] DEBUG (GlobalPages.java:17) - clicking account and lists button
2019-03-12 16:11:40,263 +0200 [main] DEBUG (LoginPages.java:19) - checking name
2019-03-12 16:11:40,373 +0200 [main] DEBUG (GlobalPages.java:17) - clicking account and lists button
2019-03-12 16:11:41,376 +0200 [main] DEBUG (SettingsPages.java:15) - openning list of added addresses
2019-03-12 16:11:42,441 +0200 [main] DEBUG (GlobalPages.java:142) - hovering on departments menu dropdown 
2019-03-12 16:11:42,508 +0200 [main] DEBUG (GlobalPages.java:154) - opening department
2019-03-12 16:11:45,094 +0200 [main] DEBUG (MusicPages.java:21) - opening mp3 cart
2019-03-12 16:11:47,216 +0200 [main] DEBUG (MusicPages.java:40) - removing all mp3 from the cart
2019-03-12 16:11:47,288 +0200 [main] DEBUG (GlobalPages.java:63) - opening the cart
2019-03-12 16:11:49,696 +0200 [main] DEBUG (GlobalPages.java:126) - deleting all items from cart
2019-03-12 16:11:51,581 +0200 [main] DEBUG (GlobalPages.java:24) - searching for the item
2019-03-12 16:11:53,429 +0200 [main] DEBUG (GlobalPages.java:34) - opening the the item page
2019-03-12 16:11:56,220 +0200 [main] DEBUG (GlobalPages.java:75) - selecting item type
2019-03-12 16:11:59,715 +0200 [main] DEBUG (GlobalPages.java:49) - adding to cart
2019-03-12 16:12:02,265 +0200 [main] DEBUG (GlobalPages.java:110) - proceeding to added item checkout
2019-03-12 16:12:04,089 +0200 [main] DEBUG (PlaceOrderPages.java:28) - adding address
2019-03-12 16:12:04,270 +0200 [main] DEBUG (PlaceOrderPages.java:35) - adding address
2019-03-12 16:12:04,331 +0200 [main] DEBUG (PlaceOrderPages.java:42) - adding city name
2019-03-12 16:12:04,442 +0200 [main] DEBUG (PlaceOrderPages.java:49) - adding postal code
2019-03-12 16:12:04,541 +0200 [main] DEBUG (PlaceOrderPages.java:56) - selecting country
2019-03-12 16:12:04,632 +0200 [main] DEBUG (PlaceOrderPages.java:64) - adding phone number
2019-03-12 16:12:04,738 +0200 [main] DEBUG (PlaceOrderPages.java:71) - adding address instructions
2019-03-12 16:12:05,066 +0200 [main] DEBUG (GlobalPages.java:162) - submitting
2019-03-12 16:12:07,745 +0200 [main] DEBUG (GlobalPages.java:162) - submitting
2019-03-12 16:12:07,823 +0200 [main] DEBUG (PlaceOrderPages.java:85) - adding credit card name
2019-03-12 16:12:10,062 +0200 [main] DEBUG (PlaceOrderPages.java:93) - adding credit card number
2019-03-12 16:12:10,172 +0200 [main] DEBUG (PlaceOrderPages.java:100) - adding credit card valid month
2019-03-12 16:12:10,370 +0200 [main] DEBUG (PlaceOrderPages.java:108) - adding credit card valid year
2019-03-12 16:12:20,537 +0200 [main] DEBUG (LoginPages.java:13) - logging in
2019-03-12 16:12:20,537 +0200 [main] DEBUG (GlobalPages.java:17) - clicking account and lists button
2019-03-12 16:12:23,967 +0200 [main] DEBUG (LoginPages.java:19) - checking name
2019-03-12 16:12:24,076 +0200 [main] DEBUG (GlobalPages.java:17) - clicking account and lists button
2019-03-12 16:12:25,501 +0200 [main] DEBUG (SettingsPages.java:15) - openning list of added addresses
2019-03-12 16:12:26,612 +0200 [main] DEBUG (SettingsPages.java:27) - choosing address to delete
2019-03-12 16:12:26,957 +0200 [main] DEBUG (SettingsPages.java:32) - confirming delete address
2019-03-12 16:12:28,528 +0200 [main] DEBUG (GlobalPages.java:142) - hovering on departments menu dropdown 
2019-03-12 16:12:28,628 +0200 [main] DEBUG (GlobalPages.java:154) - opening department
2019-03-12 16:12:31,550 +0200 [main] DEBUG (MusicPages.java:21) - opening mp3 cart
2019-03-12 16:12:33,634 +0200 [main] DEBUG (MusicPages.java:40) - removing all mp3 from the cart
2019-03-12 16:12:33,703 +0200 [main] DEBUG (GlobalPages.java:63) - opening the cart
2019-03-12 16:12:35,954 +0200 [main] DEBUG (GlobalPages.java:126) - deleting all items from cart
2019-03-12 16:12:37,874 +0200 [main] DEBUG (GlobalPages.java:24) - searching for the item
2019-03-12 16:12:39,486 +0200 [main] DEBUG (GlobalPages.java:34) - opening the the item page
2019-03-12 16:12:41,676 +0200 [main] DEBUG (GlobalPages.java:75) - selecting item type
2019-03-12 16:12:44,687 +0200 [main] DEBUG (GlobalPages.java:41) - selecting quantity
2019-03-12 16:12:44,873 +0200 [main] DEBUG (GlobalPages.java:49) - adding to cart
2019-03-12 16:12:47,461 +0200 [main] DEBUG (GlobalPages.java:84) - hovering on the added item icon
2019-03-12 16:12:47,593 +0200 [main] DEBUG (GlobalPages.java:96) - getting back to the item page
2019-03-12 16:12:51,371 +0200 [main] DEBUG (GlobalPages.java:75) - selecting item type
2019-03-12 16:12:52,097 +0200 [main] DEBUG (GlobalPages.java:49) - adding to cart
2019-03-12 16:12:54,591 +0200 [main] DEBUG (GlobalPages.java:84) - hovering on the added item icon
2019-03-12 16:12:54,645 +0200 [main] DEBUG (GlobalPages.java:96) - getting back to the item page
2019-03-12 16:12:58,034 +0200 [main] DEBUG (GlobalPages.java:75) - selecting item type
2019-03-12 16:13:01,923 +0200 [main] DEBUG (GlobalPages.java:49) - adding to cart
2019-03-12 16:13:04,132 +0200 [main] DEBUG (GlobalPages.java:84) - hovering on the added item icon
2019-03-12 16:13:04,245 +0200 [main] DEBUG (GlobalPages.java:96) - getting back to the item page
2019-03-12 16:13:08,166 +0200 [main] DEBUG (GlobalPages.java:75) - selecting item type
2019-03-12 16:13:10,964 +0200 [main] DEBUG (GlobalPages.java:49) - adding to cart
2019-03-12 16:13:11,162 +0200 [main] DEBUG (GlobalPages.java:75) - selecting item type
2019-03-12 16:13:15,041 +0200 [main] DEBUG (GlobalPages.java:49) - adding to cart
2019-03-12 16:13:17,385 +0200 [main] DEBUG (GlobalPages.java:84) - hovering on the added item icon
2019-03-12 16:13:17,528 +0200 [main] DEBUG (GlobalPages.java:96) - getting back to the item page
